<?xml version="1.0" encoding="UTF-8"?>
<testsuite name="com.union.control.service.ScheduledTaskServiceTest" time="0.037" tests="23" errors="0" skipped="0" failures="0">
  <properties>
[...]
</properties>
  <testcase name="createRejectsMoreThanOneHundredRunnableTasksPerUser" classname="com.union.control.service.ScheduledTaskServiceTest" time="0.007"/>
  <testcase name="openingAnAlreadyMaterializedRunIsIdempotent" classname="com.union.control.service.ScheduledTaskServiceTest" time="0.001"/>
  <testcase name="claimingAOnceTaskExhaustsItBeforeTheRunIsDispatched" classname="com.union.control.service.ScheduledTaskServiceTest" time="0.006"/>
  <testcase name="convertsMysqlLocalDateTimeAsUtc" classname="com.union.control.service.ScheduledTaskServiceTest" time="0"/>
  <testcase name="unreadAcceptsMysqlBooleanReadFlag" classname="com.union.control.service.ScheduledTaskServiceTest" time="0.003"/>
  <testcase name="executionContextComesFromTheRunningDomainRun" classname="com.union.control.service.ScheduledTaskServiceTest" time="0.001"/>
  <testcase name="scheduledMapperNeverOwnsNormalConversationPersistence" classname="com.union.control.service.ScheduledTaskServiceTest" time="0"/>
  <testcase name="runListDoesNotSelectOrExposeResultPayload" classname="com.union.control.service.ScheduledTaskServiceTest" time="0.001"/>
  <testcase name="storesOnlyTheResultFieldsNeededToOpenAConversation" classname="com.union.control.service.ScheduledTaskServiceTest" time="0.002"/>
  <testcase name="runDetailSelectsAndReturnsTheStoredResultContent" classname="com.union.control.service.ScheduledTaskServiceTest" time="0"/>
  <testcase name="runDetailScopesTheQueryToTheAuthenticatedOwner" classname="com.union.control.service.ScheduledTaskServiceTest" time="0.001"/>
  <testcase name="timezoneMustBeAZoneInfoCompatibleTzdbIdentifier" classname="com.union.control.service.ScheduledTaskServiceTest" time="0.002"/>
  <testcase name="updateValidatesAndPersistsOnlyTheOwnedTaskDefinition" classname="com.union.control.service.ScheduledTaskServiceTest" time="0.002"/>
  <testcase name="onlyTerminalRunsCanBeOpened" classname="com.union.control.service.ScheduledTaskServiceTest" time="0"/>
  <testcase name="calculatesCronAndIntervalAfterTheReferenceInstant" classname="com.union.control.service.ScheduledTaskServiceTest" time="0.004"/>
  <testcase name="openingCreatesTheExistingAguiConversationModelOnce" classname="com.union.control.service.ScheduledTaskServiceTest" time="0.002"/>
  <testcase name="claimUsesSkipLockedAndSchemaEnforcesOccurrenceDeduplication" classname="com.union.control.service.ScheduledTaskServiceTest" time="0.001"/>
  <testcase name="openingAFailedRunCreatesAFollowUpConversationWithTheSafeFailure" classname="com.union.control.service.ScheduledTaskServiceTest" time="0"/>
  <testcase name="updateRejectsTasksNotOwnedByTheCallerBeforeWriting" classname="com.union.control.service.ScheduledTaskServiceTest" time="0.001"/>
  <testcase name="openingScopesTheLockedRunToTheAuthenticatedOwner" classname="com.union.control.service.ScheduledTaskServiceTest" time="0.001"/>
  <testcase name="createSnapshotsTheAuthenticatedOrganizationAndRole" classname="com.union.control.service.ScheduledTaskServiceTest" time="0.001"/>
  <testcase name="rejectsTooFrequentOrInvalidSchedules" classname="com.union.control.service.ScheduledTaskServiceTest" time="0.001"/>
  <testcase name="writesDatabaseDateTimesAsUtcLiteralsWithoutJvmTimezoneConversion" classname="com.union.control.service.ScheduledTaskServiceTest" time="0"/>
</testsuite>