<?xml version="1.0" encoding="UTF-8"?>
<testsuite name="com.epcc.arkweb.filter.ScheduledExecutionFilterTest" time="0.016" tests="2" errors="0" skipped="0" failures="0">
  <properties>
[...]
</properties>
  <testcase name="rejectsMalformedScheduledCredentialWithoutFallingBackToCas" classname="com.epcc.arkweb.filter.ScheduledExecutionFilterTest" time="0.016"/>
  <testcase name="rejectsMixedCookieAndScheduledAuthentication" classname="com.epcc.arkweb.filter.ScheduledExecutionFilterTest" time="0"/>
</testsuite>